<?xml version="1.0" encoding="UTF-8"?>
<testsuite xmlns:xsi="http://www.w3.org/2001/XMLSchema-instance" xsi:noNamespaceSchemaLocation="https://maven.apache.org/surefire/maven-surefire-plugin/xsd/surefire-test-report.xsd" version="3.0.2" name="com.tecnologiainventario.api_inventario.ApiInventarioApplicationTests" time="8.235" tests="1" errors="0" skipped="0" failures="0">
  <properties>
[...]
</properties>
  <testcase name="contextLoads" classname="com.tecnologiainventario.api_inventario.ApiInventarioApplicationTests" time="0.508">
    <system-out><![CDATA[23:06:50.685 [main] INFO org.springframework.test.context.support.AnnotationConfigContextLoaderUtils -- Could not detect default configuration classes for test class [com.tecnologiainventario.api_inventario.ApiInventarioApplicationTests]: ApiInventarioApplicationTests does not declare any static, non-private, non-final, nested classes annotated with @Configuration.
23:06:50.830 [main] INFO org.springframework.boot.test.context.SpringBootTestContextBootstrapper -- Found @SpringBootConfiguration com.tecnologiainventario.api_inventario.ApiInventarioApplication for test class com.tecnologiainventario.api_inventario.ApiInventarioApplicationTests

  .   ____          _            __ _ _
 /\\ / ___'_ __ _ _(_)_ __  __ _ \ \ \ \
( ( )\___ | '_ | '_| | '_ \/ _` | \ \ \ \
 \\/  ___)| |_)| | | | | || (_| |  ) ) ) )
  '  |____| .__|_| |_|_| |_\__, | / / / /
 =========|_|==============|___/=/_/_/_/

 :: Spring Boot ::                (v3.5.4)

2025-07-26T23:06:51.533Z  INFO 78870 --- [api-inventario] [           main] c.t.a.ApiInventarioApplicationTests      : Starting ApiInventarioApplicationTests using Java 21.0.7 with PID 78870 (started by codespace in /workspaces/Utpl.Proyecto.1Bimestre/api-inventario)
2025-07-26T23:06:51.536Z  INFO 78870 --- [api-inventario] [           main] c.t.a.ApiInventarioApplicationTests      : No active profile set, falling back to 1 default profile: "default"
2025-07-26T23:06:52.891Z  INFO 78870 --- [api-inventario] [           main] .s.d.r.c.RepositoryConfigurationDelegate : Bootstrapping Spring Data JPA repositories in DEFAULT mode.
2025-07-26T23:06:52.957Z  INFO 78870 --- [api-inventario] [           main] .s.d.r.c.RepositoryConfigurationDelegate : Finished Spring Data repository scanning in 56 ms. Found 1 JPA repository interface.
2025-07-26T23:06:53.471Z  INFO 78870 --- [api-inventario] [           main] o.hibernate.jpa.internal.util.LogHelper  : HHH000204: Processing PersistenceUnitInfo [name: default]
2025-07-26T23:06:53.520Z  INFO 78870 --- [api-inventario] [           main] org.hibernate.Version                    : HHH000412: Hibernate ORM core version 6.6.22.Final
2025-07-26T23:06:53.552Z  INFO 78870 --- [api-inventario] [           main] o.h.c.internal.RegionFactoryInitiator    : HHH000026: Second-level cache disabled
2025-07-26T23:06:53.982Z  INFO 78870 --- [api-inventario] [           main] o.s.o.j.p.SpringPersistenceUnitInfo      : No LoadTimeWeaver setup: ignoring JPA class transformer
2025-07-26T23:06:54.012Z  INFO 78870 --- [api-inventario] [           main] com.zaxxer.hikari.HikariDataSource       : HikariPool-1 - Starting...
2025-07-26T23:06:55.287Z  INFO 78870 --- [api-inventario] [           main] com.zaxxer.hikari.pool.HikariPool        : HikariPool-1 - Added connection org.postgresql.jdbc.PgConnection@48106381
2025-07-26T23:06:55.289Z  INFO 78870 --- [api-inventario] [           main] com.zaxxer.hikari.HikariDataSource       : HikariPool-1 - Start completed.
2025-07-26T23:06:55.407Z  WARN 78870 --- [api-inventario] [           main] org.hibernate.orm.deprecation            : HHH90000025: PostgreSQLDialect does not need to be specified explicitly using 'hibernate.dialect' (remove the property setting and it will be selected by default)
2025-07-26T23:06:55.677Z  INFO 78870 --- [api-inventario] [           main] org.hibernate.orm.connections.pooling    : HHH10001005: Database info:
	Database JDBC URL [Connecting through datasource 'HikariDataSource (HikariPool-1)']
	Database driver: undefined/unknown
	Database version: 16.9
	Autocommit mode: undefined/unknown
	Isolation level: undefined/unknown
	Minimum pool size: undefined/unknown
	Maximum pool size: undefined/unknown
2025-07-26T23:06:56.583Z  INFO 78870 --- [api-inventario] [           main] o.h.e.t.j.p.i.JtaPlatformInitiator       : HHH000489: No JTA platform available (set 'hibernate.transaction.jta.platform' to enable JTA platform integration)
Hibernate: 
    set client_min_messages = WARNING
Hibernate: 
    drop table if exists inventarioregistroclientes cascade
Hibernate: 
    create table inventarioregistroclientes (
        cantidad integer not null,
        costo_producto float(53) not null,
        id integer generated by default as identity,
        apellido varchar(255),
        cedula varchar(255),
        descripcion varchar(255),
        email varchar(255),
        marca varchar(255),
        name_usuario varchar(255),
        nombre_producto varchar(255),
        telefono varchar(255),
        primary key (id)
    )
2025-07-26T23:06:56.994Z  INFO 78870 --- [api-inventario] [           main] j.LocalContainerEntityManagerFactoryBean : Initialized JPA EntityManagerFactory for persistence unit 'default'
2025-07-26T23:06:57.675Z  WARN 78870 --- [api-inventario] [           main] JpaBaseConfiguration$JpaWebConfiguration : spring.jpa.open-in-view is enabled by default. Therefore, database queries may be performed during view rendering. Explicitly configure spring.jpa.open-in-view to disable this warning
2025-07-26T23:06:57.726Z  INFO 78870 --- [api-inventario] [           main] o.s.v.b.OptionalValidatorFactoryBean     : Failed to set up a Bean Validation provider: jakarta.validation.NoProviderFoundException: Unable to create a Configuration, because no Jakarta Bean Validation provider could be found. Add a provider like Hibernate Validator (RI) to your classpath.
2025-07-26T23:06:58.212Z  INFO 78870 --- [api-inventario] [           main] c.t.a.ApiInventarioApplicationTests      : Started ApiInventarioApplicationTests in 7.182 seconds (process running for 8.601)
]]></system-out>
    <system-err><![CDATA[Mockito is currently self-attaching to enable the inline-mock-maker. This will no longer work in future releases of the JDK. Please add Mockito as an agent to your build as described in Mockito's documentation: https://javadoc.io/doc/org.mockito/mockito-core/latest/org.mockito/org/mockito/Mockito.html#0.3
WARNING: A Java agent has been loaded dynamically (/home/codespace/.m2/repository/net/bytebuddy/byte-buddy-agent/1.17.6/byte-buddy-agent-1.17.6.jar)
WARNING: If a serviceability tool is in use, please run with -XX:+EnableDynamicAgentLoading to hide this warning
WARNING: If a serviceability tool is not in use, please run with -Djdk.instrument.traceUsage for more information
WARNING: Dynamic loading of agents will be disallowed by default in a future release
]]></system-err>
  </testcase>
</testsuite>